<?xml version="1.0" encoding="UTF-8"?>
<!-- Generated by org.testng.reporters.JUnitReportReporter -->
<testsuite skipped="0" hostname="DESKTOP-T2E0GIU" name="RestAssuredPractice.DeleteIssue" tests="1" failures="0" timestamp="2020-04-21T12:45:04 CEST" time="2.404" errors="0">
  <testcase name="DeletingIssueTest" time="2.404" classname="RestAssuredPractice.DeleteIssue"/>
  <system-out/>
</testsuite> <!-- RestAssuredPractice.DeleteIssue -->
