<?xml version="1.0" encoding="UTF-8"?>
<!-- Generated by org.testng.reporters.JUnitReportReporter -->
<testsuite skipped="0" hostname="DESKTOP-T2E0GIU" name="RestAssuredPractice.AddComment" tests="1" failures="0" timestamp="2020-04-18T13:11:10 CEST" time="4.509" errors="0">
  <testcase name="Test1" time="4.509" classname="RestAssuredPractice.AddComment"/>
  <system-out/>
</testsuite> <!-- RestAssuredPractice.AddComment -->
