<?xml version="1.0" encoding="UTF-8"?>
<!-- Generated by org.testng.reporters.JUnitReportReporter -->
<testsuite skipped="0" hostname="DESKTOP-T2E0GIU" name="RestAssuredPractice.CreateIssue" tests="1" failures="0" timestamp="2020-04-21T12:35:24 CEST" time="2.825" errors="0">
  <testcase name="CreatingIssueTest" time="2.825" classname="RestAssuredPractice.CreateIssue"/>
  <system-out/>
</testsuite> <!-- RestAssuredPractice.CreateIssue -->
