<?xml version="1.0" encoding="UTF-8"?>
<!-- Generated by org.testng.reporters.JUnitReportReporter -->
<testsuite skipped="0" hostname="DESKTOP-T2E0GIU" name="RestAssuredPractice.UpdateComment" tests="1" failures="0" timestamp="2020-04-17T17:08:18 CEST" time="2.625" errors="0">
  <testcase name="Test1" time="2.625" classname="RestAssuredPractice.UpdateComment"/>
  <system-out/>
</testsuite> <!-- RestAssuredPractice.UpdateComment -->
