<?xml version="1.0" encoding="UTF-8"?>
<!-- Generated by org.testng.reporters.JUnitReportReporter -->
<testsuite skipped="0" hostname="DESKTOP-T2E0GIU" name="RestAssuredPractice.Session" tests="1" failures="0" timestamp="2020-04-18T13:19:30 CEST" time="0.053" errors="0">
  <testcase name="StartingSessionTest" time="0.053" classname="RestAssuredPractice.Session"/>
  <system-out/>
</testsuite> <!-- RestAssuredPractice.Session -->
