<?xml version="1.0" encoding="UTF-8"?>
<!-- Generated by org.testng.reporters.JUnitReportReporter -->
<testsuite skipped="0" hostname="DESKTOP-T2E0GIU" name="RestAssuredPractice.CreateIssue" tests="1" failures="0" timestamp="2020-04-18T13:19:30 CEST" time="2.016" errors="0">
  <testcase name="CreatingIssueTest" time="2.016" classname="RestAssuredPractice.CreateIssue"/>
  <system-out/>
</testsuite> <!-- RestAssuredPractice.CreateIssue -->
